app/build/intermediates/manifest_merge_blame_file/debug/manifest-merger-blame-debug-report.txt
1<?xml version="1.0" encoding="utf-8"?>
2<manifest xmlns:android="http://schemas.android.com/apk/res/android"
3    package="com.overtime.tracker"
4    android:versionCode="3"
5    android:versionName="1.3.0" >
6
7    <uses-sdk
8        android:minSdkVersion="26"
9        android:targetSdkVersion="34" />
10
11    <!-- 网络权限（获取法定假日数据） -->
12    <uses-permission android:name="android.permission.INTERNET" />
12-->src\main\AndroidManifest.xml:6:5-67
12-->src\main\AndroidManifest.xml:6:22-64
13    <!-- 桌面小组件相关权限 -->
14    <uses-permission android:name="android.permission.RECEIVE_BOOT_COMPLETED" />
14-->src\main\AndroidManifest.xml:8:5-81
14-->src\main\AndroidManifest.xml:8:22-78
15    <!-- #8 修复：Android 13+ 通知权限 -->
16    <uses-permission android:name="android.permission.POST_NOTIFICATIONS" />
16-->src\main\AndroidManifest.xml:10:5-77
16-->src\main\AndroidManifest.xml:10:22-74
17    <uses-permission android:name="android.permission.WAKE_LOCK" />
17-->[androidx.work:work-runtime:2.7.1] AndroidManifest.xml:25:5-68
17-->[androidx.work:work-runtime:2.7.1] AndroidManifest.xml:25:22-65
18    <uses-permission android:name="android.permission.ACCESS_NETWORK_STATE" />
18-->[androidx.work:work-runtime:2.7.1] AndroidManifest.xml:26:5-79
18-->[androidx.work:work-runtime:2.7.1] AndroidManifest.xml:26:22-76
19    <uses-permission android:name="android.permission.FOREGROUND_SERVICE" />
19-->[androidx.work:work-runtime:2.7.1] AndroidManifest.xml:28:5-77
19-->[androidx.work:work-runtime:2.7.1] AndroidManifest.xml:28:22-74
20
21    <permission
21-->[androidx.core:core:1.12.0] AndroidManifest.xml:22:5-24:47
22        android:name="com.overtime.tracker.DYNAMIC_RECEIVER_NOT_EXPORTED_PERMISSION"
22-->[androidx.core:core:1.12.0] AndroidManifest.xml:23:9-81
23        android:protectionLevel="signature" />
23-->[androidx.core:core:1.12.0] AndroidManifest.xml:24:9-44
24
25    <uses-permission android:name="com.overtime.tracker.DYNAMIC_RECEIVER_NOT_EXPORTED_PERMISSION" />
25-->[androidx.core:core:1.12.0] AndroidManifest.xml:26:5-97
25-->[androidx.core:core:1.12.0] AndroidManifest.xml:26:22-94
26
27    <application
27-->src\main\AndroidManifest.xml:12:5-115:19
28        android:name="com.overtime.tracker.OvertimeTrackerApp"
28-->src\main\AndroidManifest.xml:13:9-43
29        android:allowBackup="true"
29-->src\main\AndroidManifest.xml:14:9-35
30        android:appComponentFactory="androidx.core.app.CoreComponentFactory"
30-->[androidx.core:core:1.12.0] AndroidManifest.xml:28:18-86
31        android:debuggable="true"
32        android:extractNativeLibs="false"
33        android:icon="@mipmap/ic_launcher"
33-->src\main\AndroidManifest.xml:15:9-43
34        android:label="@string/app_name"
34-->src\main\AndroidManifest.xml:16:9-41
35        android:roundIcon="@mipmap/ic_launcher_round"
35-->src\main\AndroidManifest.xml:17:9-54
36        android:supportsRtl="true"
36-->src\main\AndroidManifest.xml:18:9-35
37        android:theme="@style/Theme.OvertimeTracker" >
37-->src\main\AndroidManifest.xml:19:9-53
38
39        <!-- 主 Activity（#8 说明：作为 Launcher 入口必须 exported=true） -->
40        <activity
40-->src\main\AndroidManifest.xml:23:9-31:20
41            android:name="com.overtime.tracker.MainActivity"
41-->src\main\AndroidManifest.xml:24:13-41
42            android:exported="true"
42-->src\main\AndroidManifest.xml:25:13-36
43            android:theme="@style/Theme.OvertimeTracker" >
43-->src\main\AndroidManifest.xml:26:13-57
44            <intent-filter>
44-->src\main\AndroidManifest.xml:27:13-30:29
45                <action android:name="android.intent.action.MAIN" />
45-->src\main\AndroidManifest.xml:28:17-69
45-->src\main\AndroidManifest.xml:28:25-66
46
47                <category android:name="android.intent.category.LAUNCHER" />
47-->src\main\AndroidManifest.xml:29:17-77
47-->src\main\AndroidManifest.xml:29:27-74
48            </intent-filter>
49        </activity>
50
51        <!--
52             桌面小组件 - 标准版 4×1
53             BUG #3 修复：增加 BOOT_COMPLETED 和 ACTION_MIDNIGHT_REFRESH
54        -->
55        <receiver
55-->src\main\AndroidManifest.xml:35:9-51:20
56            android:name="com.overtime.tracker.widget.OvertimeWidgetStandard"
56-->src\main\AndroidManifest.xml:36:13-58
57            android:exported="true"
57-->src\main\AndroidManifest.xml:37:13-36
58            android:label="@string/widget_standard_name" >
58-->src\main\AndroidManifest.xml:38:13-57
59            <intent-filter>
59-->src\main\AndroidManifest.xml:39:13-47:29
60                <action android:name="android.appwidget.action.APPWIDGET_UPDATE" />
60-->src\main\AndroidManifest.xml:40:17-84
60-->src\main\AndroidManifest.xml:40:25-81
61                <action android:name="android.intent.action.TIME_SET" />
61-->src\main\AndroidManifest.xml:41:17-73
61-->src\main\AndroidManifest.xml:41:25-70
62                <action android:name="android.intent.action.DATE_CHANGED" />
62-->src\main\AndroidManifest.xml:42:17-77
62-->src\main\AndroidManifest.xml:42:25-74
63                <action android:name="android.intent.action.TIMEZONE_CHANGED" />
63-->src\main\AndroidManifest.xml:43:17-81
63-->src\main\AndroidManifest.xml:43:25-78
64                <action android:name="android.intent.action.SCREEN_ON" />
64-->src\main\AndroidManifest.xml:44:17-74
64-->src\main\AndroidManifest.xml:44:25-71
65                <action android:name="android.intent.action.BOOT_COMPLETED" />
65-->src\main\AndroidManifest.xml:45:17-79
65-->src\main\AndroidManifest.xml:45:25-76
66                <action android:name="com.overtime.tracker.ACTION_MIDNIGHT_REFRESH" />
66-->src\main\AndroidManifest.xml:46:17-87
66-->src\main\AndroidManifest.xml:46:25-84
67            </intent-filter>
68
69            <meta-data
69-->src\main\AndroidManifest.xml:48:13-50:73
70                android:name="android.appwidget.provider"
70-->src\main\AndroidManifest.xml:49:17-58
71                android:resource="@xml/overtime_widget_standard_info" />
71-->src\main\AndroidManifest.xml:50:17-70
72        </receiver>
73
74        <!--
75             桌面小组件 - 紧凑版 2×1
76             BUG #3 修复：增加 BOOT_COMPLETED 和 ACTION_MIDNIGHT_REFRESH
77        -->
78        <receiver
78-->src\main\AndroidManifest.xml:55:9-71:20
79            android:name="com.overtime.tracker.widget.OvertimeWidgetCompact"
79-->src\main\AndroidManifest.xml:56:13-57
80            android:exported="true"
80-->src\main\AndroidManifest.xml:57:13-36
81            android:label="@string/widget_compact_name" >
81-->src\main\AndroidManifest.xml:58:13-56
82            <intent-filter>
82-->src\main\AndroidManifest.xml:39:13-47:29
83                <action android:name="android.appwidget.action.APPWIDGET_UPDATE" />
83-->src\main\AndroidManifest.xml:40:17-84
83-->src\main\AndroidManifest.xml:40:25-81
84                <action android:name="android.intent.action.TIME_SET" />
84-->src\main\AndroidManifest.xml:41:17-73
84-->src\main\AndroidManifest.xml:41:25-70
85                <action android:name="android.intent.action.DATE_CHANGED" />
85-->src\main\AndroidManifest.xml:42:17-77
85-->src\main\AndroidManifest.xml:42:25-74
86                <action android:name="android.intent.action.TIMEZONE_CHANGED" />
86-->src\main\AndroidManifest.xml:43:17-81
86-->src\main\AndroidManifest.xml:43:25-78
87                <action android:name="android.intent.action.SCREEN_ON" />
87-->src\main\AndroidManifest.xml:44:17-74
87-->src\main\AndroidManifest.xml:44:25-71
88                <action android:name="android.intent.action.BOOT_COMPLETED" />
88-->src\main\AndroidManifest.xml:45:17-79
88-->src\main\AndroidManifest.xml:45:25-76
89                <action android:name="com.overtime.tracker.ACTION_MIDNIGHT_REFRESH" />
89-->src\main\AndroidManifest.xml:46:17-87
89-->src\main\AndroidManifest.xml:46:25-84
90            </intent-filter>
91
92            <meta-data
92-->src\main\AndroidManifest.xml:48:13-50:73
93                android:name="android.appwidget.provider"
93-->src\main\AndroidManifest.xml:49:17-58
94                android:resource="@xml/overtime_widget_compact_info" />
94-->src\main\AndroidManifest.xml:50:17-70
95        </receiver>
96
97        <!--
98             桌面小组件 - 方形版 2×2
99             BUG #3 修复：增加 BOOT_COMPLETED 和 ACTION_MIDNIGHT_REFRESH
100        -->
101        <receiver
101-->src\main\AndroidManifest.xml:75:9-91:20
102            android:name="com.overtime.tracker.widget.OvertimeWidgetSquare"
102-->src\main\AndroidManifest.xml:76:13-56
103            android:exported="true"
103-->src\main\AndroidManifest.xml:77:13-36
104            android:label="@string/widget_2x2_name" >
104-->src\main\AndroidManifest.xml:78:13-52
105            <intent-filter>
105-->src\main\AndroidManifest.xml:39:13-47:29
106                <action android:name="android.appwidget.action.APPWIDGET_UPDATE" />
106-->src\main\AndroidManifest.xml:40:17-84
106-->src\main\AndroidManifest.xml:40:25-81
107                <action android:name="android.intent.action.TIME_SET" />
107-->src\main\AndroidManifest.xml:41:17-73
107-->src\main\AndroidManifest.xml:41:25-70
108                <action android:name="android.intent.action.DATE_CHANGED" />
108-->src\main\AndroidManifest.xml:42:17-77
108-->src\main\AndroidManifest.xml:42:25-74
109                <action android:name="android.intent.action.TIMEZONE_CHANGED" />
109-->src\main\AndroidManifest.xml:43:17-81
109-->src\main\AndroidManifest.xml:43:25-78
110                <action android:name="android.intent.action.SCREEN_ON" />
110-->src\main\AndroidManifest.xml:44:17-74
110-->src\main\AndroidManifest.xml:44:25-71
111                <action android:name="android.intent.action.BOOT_COMPLETED" />
111-->src\main\AndroidManifest.xml:45:17-79
111-->src\main\AndroidManifest.xml:45:25-76
112                <action android:name="com.overtime.tracker.ACTION_MIDNIGHT_REFRESH" />
112-->src\main\AndroidManifest.xml:46:17-87
112-->src\main\AndroidManifest.xml:46:25-84
113            </intent-filter>
114
115            <meta-data
115-->src\main\AndroidManifest.xml:48:13-50:73
116                android:name="android.appwidget.provider"
116-->src\main\AndroidManifest.xml:49:17-58
117                android:resource="@xml/overtime_widget_2x2_info" />
117-->src\main\AndroidManifest.xml:50:17-70
118        </receiver>
119
120        <!--
121             #1 修复：小组件打卡接收器，exported=false 防止第三方 App 发送伪造广播打卡
122             PendingIntent 由本 App 创建，即使 exported=false 也能正常接收
123        -->
124        <receiver
124-->src\main\AndroidManifest.xml:95:9-102:20
125            android:name="com.overtime.tracker.widget.WidgetClockReceiver"
125-->src\main\AndroidManifest.xml:96:13-55
126            android:exported="false" >
126-->src\main\AndroidManifest.xml:97:13-37
127            <intent-filter>
127-->src\main\AndroidManifest.xml:98:13-101:29
128                <action android:name="com.overtime.tracker.ACTION_CLOCK_IN" />
128-->src\main\AndroidManifest.xml:99:17-79
128-->src\main\AndroidManifest.xml:99:25-76
129                <action android:name="com.overtime.tracker.ACTION_CLOCK_OUT" />
129-->src\main\AndroidManifest.xml:100:17-80
129-->src\main\AndroidManifest.xml:100:25-77
130            </intent-filter>
131        </receiver>
132
133        <!-- #8 修复：添加 FileProvider（导出/导入功能需要） -->
134        <provider
135            android:name="androidx.core.content.FileProvider"
135-->src\main\AndroidManifest.xml:106:13-62
136            android:authorities="com.overtime.tracker.fileprovider"
136-->src\main\AndroidManifest.xml:107:13-64
137            android:exported="false"
137-->src\main\AndroidManifest.xml:108:13-37
138            android:grantUriPermissions="true" >
138-->src\main\AndroidManifest.xml:109:13-47
139            <meta-data
139-->src\main\AndroidManifest.xml:110:13-112:54
140                android:name="android.support.FILE_PROVIDER_PATHS"
140-->src\main\AndroidManifest.xml:111:17-67
141                android:resource="@xml/file_paths" />
141-->src\main\AndroidManifest.xml:112:17-51
142        </provider>
143
144        <activity
144-->[androidx.glance:glance-appwidget:1.0.0] AndroidManifest.xml:23:9-27:40
145            android:name="androidx.glance.appwidget.action.ActionTrampolineActivity"
145-->[androidx.glance:glance-appwidget:1.0.0] AndroidManifest.xml:24:13-85
146            android:enabled="true"
146-->[androidx.glance:glance-appwidget:1.0.0] AndroidManifest.xml:25:13-35
147            android:excludeFromRecents="true"
147-->[androidx.glance:glance-appwidget:1.0.0] AndroidManifest.xml:26:13-46
148            android:exported="false" />
148-->[androidx.glance:glance-appwidget:1.0.0] AndroidManifest.xml:27:13-37
149        <activity
149-->[androidx.glance:glance-appwidget:1.0.0] AndroidManifest.xml:28:9-35:81
150            android:name="androidx.glance.appwidget.action.InvisibleActionTrampolineActivity"
150-->[androidx.glance:glance-appwidget:1.0.0] AndroidManifest.xml:29:13-94
151            android:enabled="true"
151-->[androidx.glance:glance-appwidget:1.0.0] AndroidManifest.xml:30:13-35
152            android:exported="false"
152-->[androidx.glance:glance-appwidget:1.0.0] AndroidManifest.xml:31:13-37
153            android:launchMode="singleInstance"
153-->[androidx.glance:glance-appwidget:1.0.0] AndroidManifest.xml:32:13-48
154            android:noHistory="true"
154-->[androidx.glance:glance-appwidget:1.0.0] AndroidManifest.xml:33:13-37
155            android:taskAffinity="androidx.glance.appwidget.ListAdapterCallbackTrampoline"
155-->[androidx.glance:glance-appwidget:1.0.0] AndroidManifest.xml:34:13-91
156            android:theme="@style/Widget.Glance.AppWidget.CallbackTrampoline" />
156-->[androidx.glance:glance-appwidget:1.0.0] AndroidManifest.xml:35:13-78
157
158        <receiver
158-->[androidx.glance:glance-appwidget:1.0.0] AndroidManifest.xml:37:9-40:40
159            android:name="androidx.glance.appwidget.action.ActionCallbackBroadcastReceiver"
159-->[androidx.glance:glance-appwidget:1.0.0] AndroidManifest.xml:38:13-92
160            android:enabled="true"
160-->[androidx.glance:glance-appwidget:1.0.0] AndroidManifest.xml:39:13-35
161            android:exported="false" />
161-->[androidx.glance:glance-appwidget:1.0.0] AndroidManifest.xml:40:13-37
162        <receiver
162-->[androidx.glance:glance-appwidget:1.0.0] AndroidManifest.xml:41:9-48:20
163            android:name="androidx.glance.appwidget.MyPackageReplacedReceiver"
163-->[androidx.glance:glance-appwidget:1.0.0] AndroidManifest.xml:42:13-79
164            android:enabled="true"
164-->[androidx.glance:glance-appwidget:1.0.0] AndroidManifest.xml:43:13-35
165            android:exported="false" >
165-->[androidx.glance:glance-appwidget:1.0.0] AndroidManifest.xml:44:13-37
166            <intent-filter>
166-->[androidx.glance:glance-appwidget:1.0.0] AndroidManifest.xml:45:13-47:29
167                <action android:name="android.intent.action.MY_PACKAGE_REPLACED" />
167-->[androidx.glance:glance-appwidget:1.0.0] AndroidManifest.xml:46:17-84
167-->[androidx.glance:glance-appwidget:1.0.0] AndroidManifest.xml:46:25-81
168            </intent-filter>
169        </receiver>
170
171        <service
171-->[androidx.glance:glance-appwidget:1.0.0] AndroidManifest.xml:50:9-53:72
172            android:name="androidx.glance.appwidget.GlanceRemoteViewsService"
172-->[androidx.glance:glance-appwidget:1.0.0] AndroidManifest.xml:51:13-78
173            android:exported="true"
173-->[androidx.glance:glance-appwidget:1.0.0] AndroidManifest.xml:52:13-36
174            android:permission="android.permission.BIND_REMOTEVIEWS" />
174-->[androidx.glance:glance-appwidget:1.0.0] AndroidManifest.xml:53:13-69
175
176        <activity
176-->[androidx.compose.ui:ui-test-manifest:1.6.0] AndroidManifest.xml:23:9-25:39
177            android:name="androidx.activity.ComponentActivity"
177-->[androidx.compose.ui:ui-test-manifest:1.6.0] AndroidManifest.xml:24:13-63
178            android:exported="true" />
178-->[androidx.compose.ui:ui-test-manifest:1.6.0] AndroidManifest.xml:25:13-36
179        <activity
179-->[androidx.compose.ui:ui-tooling-android:1.6.0] AndroidManifest.xml:23:9-25:39
180            android:name="androidx.compose.ui.tooling.PreviewActivity"
180-->[androidx.compose.ui:ui-tooling-android:1.6.0] AndroidManifest.xml:24:13-71
181            android:exported="true" />
181-->[androidx.compose.ui:ui-tooling-android:1.6.0] AndroidManifest.xml:25:13-36
182
183        <provider
183-->[androidx.work:work-runtime:2.7.1] AndroidManifest.xml:31:9-39:20
184            android:name="androidx.startup.InitializationProvider"
184-->[androidx.work:work-runtime:2.7.1] AndroidManifest.xml:32:13-67
185            android:authorities="com.overtime.tracker.androidx-startup"
185-->[androidx.work:work-runtime:2.7.1] AndroidManifest.xml:33:13-68
186            android:exported="false" >
186-->[androidx.work:work-runtime:2.7.1] AndroidManifest.xml:34:13-37
187            <meta-data
187-->[androidx.work:work-runtime:2.7.1] AndroidManifest.xml:36:13-38:52
188                android:name="androidx.work.WorkManagerInitializer"
188-->[androidx.work:work-runtime:2.7.1] AndroidManifest.xml:37:17-68
189                android:value="androidx.startup" />
189-->[androidx.work:work-runtime:2.7.1] AndroidManifest.xml:38:17-49
190            <meta-data
190-->[androidx.emoji2:emoji2:1.3.0] AndroidManifest.xml:29:13-31:52
191                android:name="androidx.emoji2.text.EmojiCompatInitializer"
191-->[androidx.emoji2:emoji2:1.3.0] AndroidManifest.xml:30:17-75
192                android:value="androidx.startup" />
192-->[androidx.emoji2:emoji2:1.3.0] AndroidManifest.xml:31:17-49
193            <meta-data
193-->[androidx.lifecycle:lifecycle-process:2.7.0] AndroidManifest.xml:29:13-31:52
194                android:name="androidx.lifecycle.ProcessLifecycleInitializer"
194-->[androidx.lifecycle:lifecycle-process:2.7.0] AndroidManifest.xml:30:17-78
195                android:value="androidx.startup" />
195-->[androidx.lifecycle:lifecycle-process:2.7.0] AndroidManifest.xml:31:17-49
196            <meta-data
196-->[androidx.profileinstaller:profileinstaller:1.3.0] AndroidManifest.xml:29:13-31:52
197                android:name="androidx.profileinstaller.ProfileInstallerInitializer"
197-->[androidx.profileinstaller:profileinstaller:1.3.0] AndroidManifest.xml:30:17-85
198                android:value="androidx.startup" />
198-->[androidx.profileinstaller:profileinstaller:1.3.0] AndroidManifest.xml:31:17-49
199        </provider>
200
201        <service
201-->[androidx.work:work-runtime:2.7.1] AndroidManifest.xml:41:9-46:35
202            android:name="androidx.work.impl.background.systemalarm.SystemAlarmService"
202-->[androidx.work:work-runtime:2.7.1] AndroidManifest.xml:42:13-88
203            android:directBootAware="false"
203-->[androidx.work:work-runtime:2.7.1] AndroidManifest.xml:43:13-44
204            android:enabled="@bool/enable_system_alarm_service_default"
204-->[androidx.work:work-runtime:2.7.1] AndroidManifest.xml:44:13-72
205            android:exported="false" />
205-->[androidx.work:work-runtime:2.7.1] AndroidManifest.xml:45:13-37
206        <service
206-->[androidx.work:work-runtime:2.7.1] AndroidManifest.xml:47:9-53:35
207            android:name="androidx.work.impl.background.systemjob.SystemJobService"
207-->[androidx.work:work-runtime:2.7.1] AndroidManifest.xml:48:13-84
208            android:directBootAware="false"
208-->[androidx.work:work-runtime:2.7.1] AndroidManifest.xml:49:13-44
209            android:enabled="@bool/enable_system_job_service_default"
209-->[androidx.work:work-runtime:2.7.1] AndroidManifest.xml:50:13-70
210            android:exported="true"
210-->[androidx.work:work-runtime:2.7.1] AndroidManifest.xml:51:13-36
211            android:permission="android.permission.BIND_JOB_SERVICE" />
211-->[androidx.work:work-runtime:2.7.1] AndroidManifest.xml:52:13-69
212        <service
212-->[androidx.work:work-runtime:2.7.1] AndroidManifest.xml:54:9-59:35
213            android:name="androidx.work.impl.foreground.SystemForegroundService"
213-->[androidx.work:work-runtime:2.7.1] AndroidManifest.xml:55:13-81
214            android:directBootAware="false"
214-->[androidx.work:work-runtime:2.7.1] AndroidManifest.xml:56:13-44
215            android:enabled="@bool/enable_system_foreground_service_default"
215-->[androidx.work:work-runtime:2.7.1] AndroidManifest.xml:57:13-77
216            android:exported="false" />
216-->[androidx.work:work-runtime:2.7.1] AndroidManifest.xml:58:13-37
217
218        <receiver
218-->[androidx.work:work-runtime:2.7.1] AndroidManifest.xml:61:9-66:35
219            android:name="androidx.work.impl.utils.ForceStopRunnable$BroadcastReceiver"
219-->[androidx.work:work-runtime:2.7.1] AndroidManifest.xml:62:13-88
220            android:directBootAware="false"
220-->[androidx.work:work-runtime:2.7.1] AndroidManifest.xml:63:13-44
221            android:enabled="true"
221-->[androidx.work:work-runtime:2.7.1] AndroidManifest.xml:64:13-35
222            android:exported="false" />
222-->[androidx.work:work-runtime:2.7.1] AndroidManifest.xml:65:13-37
223        <receiver
223-->[androidx.work:work-runtime:2.7.1] AndroidManifest.xml:67:9-77:20
224            android:name="androidx.work.impl.background.systemalarm.ConstraintProxy$BatteryChargingProxy"
224-->[androidx.work:work-runtime:2.7.1] AndroidManifest.xml:68:13-106
225            android:directBootAware="false"
225-->[androidx.work:work-runtime:2.7.1] AndroidManifest.xml:69:13-44
226            android:enabled="false"
226-->[androidx.work:work-runtime:2.7.1] AndroidManifest.xml:70:13-36
227            android:exported="false" >
227-->[androidx.work:work-runtime:2.7.1] AndroidManifest.xml:71:13-37
228            <intent-filter>
228-->[androidx.work:work-runtime:2.7.1] AndroidManifest.xml:73:13-76:29
229                <action android:name="android.intent.action.ACTION_POWER_CONNECTED" />
229-->[androidx.work:work-runtime:2.7.1] AndroidManifest.xml:74:17-87
229-->[androidx.work:work-runtime:2.7.1] AndroidManifest.xml:74:25-84
230                <action android:name="android.intent.action.ACTION_POWER_DISCONNECTED" />
230-->[androidx.work:work-runtime:2.7.1] AndroidManifest.xml:75:17-90
230-->[androidx.work:work-runtime:2.7.1] AndroidManifest.xml:75:25-87
231            </intent-filter>
232        </receiver>
233        <receiver
233-->[androidx.work:work-runtime:2.7.1] AndroidManifest.xml:78:9-88:20
234            android:name="androidx.work.impl.background.systemalarm.ConstraintProxy$BatteryNotLowProxy"
234-->[androidx.work:work-runtime:2.7.1] AndroidManifest.xml:79:13-104
235            android:directBootAware="false"
235-->[androidx.work:work-runtime:2.7.1] AndroidManifest.xml:80:13-44
236            android:enabled="false"
236-->[androidx.work:work-runtime:2.7.1] AndroidManifest.xml:81:13-36
237            android:exported="false" >
237-->[androidx.work:work-runtime:2.7.1] AndroidManifest.xml:82:13-37
238            <intent-filter>
238-->[androidx.work:work-runtime:2.7.1] AndroidManifest.xml:84:13-87:29
239                <action android:name="android.intent.action.BATTERY_OKAY" />
239-->[androidx.work:work-runtime:2.7.1] AndroidManifest.xml:85:17-77
239-->[androidx.work:work-runtime:2.7.1] AndroidManifest.xml:85:25-74
240                <action android:name="android.intent.action.BATTERY_LOW" />
240-->[androidx.work:work-runtime:2.7.1] AndroidManifest.xml:86:17-76
240-->[androidx.work:work-runtime:2.7.1] AndroidManifest.xml:86:25-73
241            </intent-filter>
242        </receiver>
243        <receiver
243-->[androidx.work:work-runtime:2.7.1] AndroidManifest.xml:89:9-99:20
244            android:name="androidx.work.impl.background.systemalarm.ConstraintProxy$StorageNotLowProxy"
244-->[androidx.work:work-runtime:2.7.1] AndroidManifest.xml:90:13-104
245            android:directBootAware="false"
245-->[androidx.work:work-runtime:2.7.1] AndroidManifest.xml:91:13-44
246            android:enabled="false"
246-->[androidx.work:work-runtime:2.7.1] AndroidManifest.xml:92:13-36
247            android:exported="false" >
247-->[androidx.work:work-runtime:2.7.1] AndroidManifest.xml:93:13-37
248            <intent-filter>
248-->[androidx.work:work-runtime:2.7.1] AndroidManifest.xml:95:13-98:29
249                <action android:name="android.intent.action.DEVICE_STORAGE_LOW" />
249-->[androidx.work:work-runtime:2.7.1] AndroidManifest.xml:96:17-83
249-->[androidx.work:work-runtime:2.7.1] AndroidManifest.xml:96:25-80
250                <action android:name="android.intent.action.DEVICE_STORAGE_OK" />
250-->[androidx.work:work-runtime:2.7.1] AndroidManifest.xml:97:17-82
250-->[androidx.work:work-runtime:2.7.1] AndroidManifest.xml:97:25-79
251            </intent-filter>
252        </receiver>
253        <receiver
253-->[androidx.work:work-runtime:2.7.1] AndroidManifest.xml:100:9-109:20
254            android:name="androidx.work.impl.background.systemalarm.ConstraintProxy$NetworkStateProxy"
254-->[androidx.work:work-runtime:2.7.1] AndroidManifest.xml:101:13-103
255            android:directBootAware="false"
255-->[androidx.work:work-runtime:2.7.1] AndroidManifest.xml:102:13-44
256            android:enabled="false"
256-->[androidx.work:work-runtime:2.7.1] AndroidManifest.xml:103:13-36
257            android:exported="false" >
257-->[androidx.work:work-runtime:2.7.1] AndroidManifest.xml:104:13-37
258            <intent-filter>
258-->[androidx.work:work-runtime:2.7.1] AndroidManifest.xml:106:13-108:29
259                <action android:name="android.net.conn.CONNECTIVITY_CHANGE" />
259-->[androidx.work:work-runtime:2.7.1] AndroidManifest.xml:107:17-79
259-->[androidx.work:work-runtime:2.7.1] AndroidManifest.xml:107:25-76
260            </intent-filter>
261        </receiver>
262        <receiver
262-->[androidx.work:work-runtime:2.7.1] AndroidManifest.xml:110:9-121:20
263            android:name="androidx.work.impl.background.systemalarm.RescheduleReceiver"
263-->[androidx.work:work-runtime:2.7.1] AndroidManifest.xml:111:13-88
264            android:directBootAware="false"
264-->[androidx.work:work-runtime:2.7.1] AndroidManifest.xml:112:13-44
265            android:enabled="false"
265-->[androidx.work:work-runtime:2.7.1] AndroidManifest.xml:113:13-36
266            android:exported="false" >
266-->[androidx.work:work-runtime:2.7.1] AndroidManifest.xml:114:13-37
267            <intent-filter>
267-->[androidx.work:work-runtime:2.7.1] AndroidManifest.xml:116:13-120:29
268                <action android:name="android.intent.action.BOOT_COMPLETED" />
268-->src\main\AndroidManifest.xml:45:17-79
268-->src\main\AndroidManifest.xml:45:25-76
269                <action android:name="android.intent.action.TIME_SET" />
269-->src\main\AndroidManifest.xml:41:17-73
269-->src\main\AndroidManifest.xml:41:25-70
270                <action android:name="android.intent.action.TIMEZONE_CHANGED" />
270-->src\main\AndroidManifest.xml:43:17-81
270-->src\main\AndroidManifest.xml:43:25-78
271            </intent-filter>
272        </receiver>
273        <receiver
273-->[androidx.work:work-runtime:2.7.1] AndroidManifest.xml:122:9-131:20
274            android:name="androidx.work.impl.background.systemalarm.ConstraintProxyUpdateReceiver"
274-->[androidx.work:work-runtime:2.7.1] AndroidManifest.xml:123:13-99
275            android:directBootAware="false"
275-->[androidx.work:work-runtime:2.7.1] AndroidManifest.xml:124:13-44
276            android:enabled="@bool/enable_system_alarm_service_default"
276-->[androidx.work:work-runtime:2.7.1] AndroidManifest.xml:125:13-72
277            android:exported="false" >
277-->[androidx.work:work-runtime:2.7.1] AndroidManifest.xml:126:13-37
278            <intent-filter>
278-->[androidx.work:work-runtime:2.7.1] AndroidManifest.xml:128:13-130:29
279                <action android:name="androidx.work.impl.background.systemalarm.UpdateProxies" />
279-->[androidx.work:work-runtime:2.7.1] AndroidManifest.xml:129:17-98
279-->[androidx.work:work-runtime:2.7.1] AndroidManifest.xml:129:25-95
280            </intent-filter>
281        </receiver>
282        <receiver
282-->[androidx.work:work-runtime:2.7.1] AndroidManifest.xml:132:9-142:20
283            android:name="androidx.work.impl.diagnostics.DiagnosticsReceiver"
283-->[androidx.work:work-runtime:2.7.1] AndroidManifest.xml:133:13-78
284            android:directBootAware="false"
284-->[androidx.work:work-runtime:2.7.1] AndroidManifest.xml:134:13-44
285            android:enabled="true"
285-->[androidx.work:work-runtime:2.7.1] AndroidManifest.xml:135:13-35
286            android:exported="true"
286-->[androidx.work:work-runtime:2.7.1] AndroidManifest.xml:136:13-36
287            android:permission="android.permission.DUMP" >
287-->[androidx.work:work-runtime:2.7.1] AndroidManifest.xml:137:13-57
288            <intent-filter>
288-->[androidx.work:work-runtime:2.7.1] AndroidManifest.xml:139:13-141:29
289                <action android:name="androidx.work.diagnostics.REQUEST_DIAGNOSTICS" />
289-->[androidx.work:work-runtime:2.7.1] AndroidManifest.xml:140:17-88
289-->[androidx.work:work-runtime:2.7.1] AndroidManifest.xml:140:25-85
290            </intent-filter>
291        </receiver>
292
293        <service
293-->[androidx.core:core-remoteviews:1.0.0] AndroidManifest.xml:24:9-27:63
294            android:name="androidx.core.widget.RemoteViewsCompatService"
294-->[androidx.core:core-remoteviews:1.0.0] AndroidManifest.xml:25:13-73
295            android:permission="android.permission.BIND_REMOTEVIEWS" />
295-->[androidx.core:core-remoteviews:1.0.0] AndroidManifest.xml:26:13-69
296        <service
296-->[androidx.room:room-runtime:2.6.1] AndroidManifest.xml:24:9-28:63
297            android:name="androidx.room.MultiInstanceInvalidationService"
297-->[androidx.room:room-runtime:2.6.1] AndroidManifest.xml:25:13-74
298            android:directBootAware="true"
298-->[androidx.room:room-runtime:2.6.1] AndroidManifest.xml:26:13-43
299            android:exported="false" />
299-->[androidx.room:room-runtime:2.6.1] AndroidManifest.xml:27:13-37
300
301        <receiver